Distance to restaurant Harley's Hysterical Diner: 4.527980130640041 km
Filtered restaurants count (after haversine check): 4
*****************Order created with total price Before Commit:: 41.93
*****************Order created with total price After Commit: 41.93
Received request to fetch nearby restaurants.
Parameters received - city_name: None, state_name: None, country_name: None
Bounding box for latitude: 29.09751 to 39.09751
Bounding box for longitude: -122.6483876 to -112.6483876
Nearby restaurants count: 4
Distance to restaurant Alfred's Gourmet Dining: 4.527980130640041 km
Distance to restaurant Alfred's Fine Eats: 4.527980130640041 km
Distance to restaurant Harley's Circus Grill: 4.527980130640041 km
Distance to restaurant Harley's Hysterical Diner: 4.527980130640041 km
Filtered restaurants count (after haversine check): 4
Unexpected error in update_cart_item: 'ShoppingCartItem' object has no attribute 'cart_id'
Unexpected error in update_cart_item: 'ShoppingCartItem' object has no attribute 'cart_id'
Unexpected error in update_cart_item: 'ShoppingCartItem' object has no attribute 'cart_id'
Unexpected error in update_cart_item: 'ShoppingCartItem' object has no attribute 'cart_id'
Unexpected error in update_cart_item: 'ShoppingCartItem' object has no attribute 'cart_id'
Unexpected error in update_cart_item: 'ShoppingCartItem' object has no attribute 'cart_id'
Unexpected error in update_cart_item: 'ShoppingCartItem' object has no attribute 'cart_id'
Unexpected error in update_cart_item: 'ShoppingCartItem' object has no attribute 'cart_id'
Unexpected error in update_cart_item: 'ShoppingCartItem' object has no attribute 'cart_id'
